08-06-18 15:44:35 TCH_AUTO : INFO     : 
08-06-18 15:44:35 TCH_AUTO : INFO     : ##############################################################################################################
08-06-18 15:44:35 TCH_AUTO : INFO     : ## Voip_test TestCase start                                                                                 ##
08-06-18 15:44:35 TCH_AUTO : INFO     : ##############################################################################################################
08-06-18 15:44:35 TCH_AUTO : INFO     : 
08-06-18 15:44:35 TCH_AUTO : INFO     : ##############################################################################################################
08-06-18 15:44:35 TCH_AUTO : INFO     : ## Common Setup                                                                                             ##
08-06-18 15:44:35 TCH_AUTO : INFO     : ##############################################################################################################
08-06-18 15:44:35 TCH_AUTO : INFO     : 
08-06-18 15:44:35 TCH_AUTO : INFO     : ##############################################################################################################
08-06-18 15:44:35 TCH_AUTO : INFO     : ## Load Testbed file                                                                                        ##
08-06-18 15:44:35 TCH_AUTO : INFO     : ##############################################################################################################
08-06-18 15:44:35 TCH_AUTO : INFO     : +------------------------------------------------------------------------------------------------------------+
08-06-18 15:44:35 TCH_AUTO : INFO     : |                                                                                                            |
08-06-18 15:44:35 TCH_AUTO : INFO     : | Topology file: /auto/WiFi_automation/topo/topo.yaml                                                        |
08-06-18 15:44:35 TCH_AUTO : INFO     : |                                                                                                            |
08-06-18 15:44:35 TCH_AUTO : INFO     : +------------------------------------------------------------------------------------------------------------+
08-06-18 15:44:35 TCH_AUTO : INFO     : +------------------------------------------------------------------------------------------------------------+
08-06-18 15:44:35 TCH_AUTO : INFO     : |                                                                                                            |
08-06-18 15:44:35 TCH_AUTO : INFO     : | Topology data:                                                                                             |
08-06-18 15:44:35 TCH_AUTO : INFO     : | --------------                                                                                             |
08-06-18 15:44:35 TCH_AUTO : INFO     : |  Munch({'lnx1': Munch({'password': 'phone', 'hostname': 'containter1', 'platform': 'linux', 'interface':   |
08-06-18 15:44:35 TCH_AUTO : INFO     : | Munch({'onboardEthernet': Munch({'ip': '10.78.192.120', 'mask': '255.255.255.0'}), 'pciEthernet1':         |
08-06-18 15:44:35 TCH_AUTO : INFO     : | Munch({'ip': '192.168.0.10', 'mask': '255.255.255.0'})}), 'wavFile': 'Tryst-with-destiny-mono.wav',        |
08-06-18 15:44:35 TCH_AUTO : INFO     : | 'console': 'ssh 10.78.192.120 22', 'username': 'phone'}), 'ExeServer': Munch({'interface':                 |
08-06-18 15:44:35 TCH_AUTO : INFO     : | Munch({'controlBridge': Munch({'ip': '10.78.192.119', 'mask': '255.255.192.0'})}), 'password': 'cpesit',   |
08-06-18 15:44:35 TCH_AUTO : INFO     : | 'hostname': 'Exe-server', 'username': 'cpesit'}), 'lnx2': Munch({'password': 'phone', 'hostname':          |
08-06-18 15:44:35 TCH_AUTO : INFO     : | 'containter2', 'platform': 'linux', 'interface': Munch({'onboardEthernet': Munch({'ip': '10.78.192.121',   |
08-06-18 15:44:35 TCH_AUTO : INFO     : | 'mask': '255.255.255.0'}), 'pciEthernet2': Munch({'ip': '1.1.0.2', 'mask': '255.255.255.0'})}), 'wavFile': |
08-06-18 15:44:35 TCH_AUTO : INFO     : | 'Tryst-with-destiny-mono.wav', 'console': 'ssh 10.78.192.121 22', 'username': 'phone'})})                  |
08-06-18 15:44:35 TCH_AUTO : INFO     : |                                                                                                            |
08-06-18 15:44:35 TCH_AUTO : INFO     : +------------------------------------------------------------------------------------------------------------+
08-06-18 15:44:35 TCH_AUTO : INFO     : +------------------------------------------------------------------------------------------------------------+
08-06-18 15:44:35 TCH_AUTO : INFO     : |                                                                                                            |
08-06-18 15:44:35 TCH_AUTO : INFO     : | Connect to devices                                                                                         |
08-06-18 15:44:35 TCH_AUTO : INFO     : |                                                                                                            |
08-06-18 15:44:35 TCH_AUTO : INFO     : +------------------------------------------------------------------------------------------------------------+
08-06-18 15:44:36 TCH_AUTO : INFO     : +------------------------------------------------------------------------------------------------------------+
08-06-18 15:44:36 TCH_AUTO : INFO     : |                                                                                                            |
08-06-18 15:44:36 TCH_AUTO : INFO     : | uname -a                                                                                                   |
08-06-18 15:44:36 TCH_AUTO : INFO     : | Linux containter1 4.9.0-6-amd64 #1 SMP Debian 4.9.82-1+deb9u3 (2018-03-02) x86_64 GNU/Linux                |
08-06-18 15:44:36 TCH_AUTO : INFO     : |                                                                                                            |
08-06-18 15:44:36 TCH_AUTO : INFO     : +------------------------------------------------------------------------------------------------------------+
08-06-18 15:44:36 TCH_AUTO : INFO     : +------------------------------------------------------------------------------------------------------------+
08-06-18 15:44:36 TCH_AUTO : INFO     : |                                                                                                            |
08-06-18 15:44:36 TCH_AUTO : INFO     : | uname -a                                                                                                   |
08-06-18 15:44:36 TCH_AUTO : INFO     : | Linux containter2 4.9.0-6-amd64 #1 SMP Debian 4.9.82-1+deb9u3 (2018-03-02) x86_64 GNU/Linux                |
08-06-18 15:44:36 TCH_AUTO : INFO     : |                                                                                                            |
08-06-18 15:44:36 TCH_AUTO : INFO     : +------------------------------------------------------------------------------------------------------------+
08-06-18 15:44:36 TCH_AUTO : INFO     : +------------------------------------------------------------------------------------------------------------+
08-06-18 15:44:36 TCH_AUTO : INFO     : |                                                                                                            |
08-06-18 15:44:36 TCH_AUTO : INFO     : | uname -a                                                                                                   |
08-06-18 15:44:36 TCH_AUTO : INFO     : | Linux containter1 4.9.0-6-amd64 #1 SMP Debian 4.9.82-1+deb9u3 (2018-03-02) x86_64 GNU/Linux                |
08-06-18 15:44:36 TCH_AUTO : INFO     : |                                                                                                            |
08-06-18 15:44:36 TCH_AUTO : INFO     : +------------------------------------------------------------------------------------------------------------+
08-06-18 15:44:37 TCH_AUTO : INFO     : +------------------------------------------------------------------------------------------------------------+
08-06-18 15:44:37 TCH_AUTO : INFO     : |                                                                                                            |
08-06-18 15:44:37 TCH_AUTO : INFO     : | uname -a                                                                                                   |
08-06-18 15:44:37 TCH_AUTO : INFO     : | Linux containter2 4.9.0-6-amd64 #1 SMP Debian 4.9.82-1+deb9u3 (2018-03-02) x86_64 GNU/Linux                |
08-06-18 15:44:37 TCH_AUTO : INFO     : |                                                                                                            |
08-06-18 15:44:37 TCH_AUTO : INFO     : +------------------------------------------------------------------------------------------------------------+
08-06-18 15:44:37 TCH_AUTO : INFO     : 
08-06-18 15:44:37 TCH_AUTO : INFO     : ##############################################################################################################
08-06-18 15:44:37 TCH_AUTO : INFO     : ## Check validations in two linux machines                                                                  ##
08-06-18 15:44:37 TCH_AUTO : INFO     : ##############################################################################################################
08-06-18 15:44:37 TCH_AUTO : INFO     : +------------------------------------------------------------------------------------------------------------+
08-06-18 15:44:37 TCH_AUTO : INFO     : |                                                                                                            |
08-06-18 15:44:37 TCH_AUTO : INFO     : | killall pulseaudio                                                                                         |
08-06-18 15:44:37 TCH_AUTO : INFO     : | pulseaudio: no process found                                                                               |
08-06-18 15:44:37 TCH_AUTO : INFO     : |                                                                                                            |
08-06-18 15:44:37 TCH_AUTO : INFO     : +------------------------------------------------------------------------------------------------------------+
08-06-18 15:44:37 TCH_AUTO : INFO     : +------------------------------------------------------------------------------------------------------------+
08-06-18 15:44:37 TCH_AUTO : INFO     : |                                                                                                            |
08-06-18 15:44:37 TCH_AUTO : INFO     : | killall pulseaudio                                                                                         |
08-06-18 15:44:37 TCH_AUTO : INFO     : | pulseaudio: no process found                                                                               |
08-06-18 15:44:37 TCH_AUTO : INFO     : |                                                                                                            |
08-06-18 15:44:37 TCH_AUTO : INFO     : +------------------------------------------------------------------------------------------------------------+
08-06-18 15:44:37 TCH_AUTO : INFO     : +------------------------------------------------------------------------------------------------------------+
08-06-18 15:44:37 TCH_AUTO : INFO     : |                                                                                                            |
08-06-18 15:44:37 TCH_AUTO : INFO     : | pulseaudio -D                                                                                              |
08-06-18 15:44:37 TCH_AUTO : INFO     : |                                                                                                            |
08-06-18 15:44:37 TCH_AUTO : INFO     : +------------------------------------------------------------------------------------------------------------+
08-06-18 15:44:38 TCH_AUTO : INFO     : +------------------------------------------------------------------------------------------------------------+
08-06-18 15:44:38 TCH_AUTO : INFO     : |                                                                                                            |
08-06-18 15:44:38 TCH_AUTO : INFO     : | pulseaudio -D                                                                                              |
08-06-18 15:44:38 TCH_AUTO : INFO     : |                                                                                                            |
08-06-18 15:44:38 TCH_AUTO : INFO     : +------------------------------------------------------------------------------------------------------------+
08-06-18 15:44:38 TCH_AUTO : INFO     : +------------------------------------------------------------------------------------------------------------+
08-06-18 15:44:38 TCH_AUTO : INFO     : |                                                                                                            |
08-06-18 15:44:38 TCH_AUTO : INFO     : | pactl list sources                                                                                         |
08-06-18 15:44:38 TCH_AUTO : INFO     : | Source #0                                                                                                  |
08-06-18 15:44:38 TCH_AUTO : INFO     : |         State: IDLE                                                                                        |
08-06-18 15:44:38 TCH_AUTO : INFO     : |         Name: auto_null.monitor                                                                            |
08-06-18 15:44:38 TCH_AUTO : INFO     : |         Description: Monitor of Dummy Output                                                               |
08-06-18 15:44:38 TCH_AUTO : INFO     : |         Driver: module-null-sink.c                                                                         |
08-06-18 15:44:38 TCH_AUTO : INFO     : |         Sample Specification: s16le 2ch 44100Hz                                                            |
08-06-18 15:44:38 TCH_AUTO : INFO     : |         Channel Map: front-left,front-right                                                                |
08-06-18 15:44:38 TCH_AUTO : INFO     : |         Owner Module: 10                                                                                   |
08-06-18 15:44:38 TCH_AUTO : INFO     : |         Mute: no                                                                                           |
08-06-18 15:44:38 TCH_AUTO : INFO     : |         Volume: front-left: 65536 / 100% / 0.00 dB,   front-right: 65536 / 100% / 0.00 dB                  |
08-06-18 15:44:38 TCH_AUTO : INFO     : |                 balance 0.00                                                                               |
08-06-18 15:44:38 TCH_AUTO : INFO     : |         Base Volume: 65536 / 100% / 0.00 dB                                                                |
08-06-18 15:44:38 TCH_AUTO : INFO     : |         Monitor of Sink: auto_null                                                                         |
08-06-18 15:44:38 TCH_AUTO : INFO     : |         Latency: 0 usec, configured 2000000 usec                                                           |
08-06-18 15:44:38 TCH_AUTO : INFO     : |         Flags: DECIBEL_VOLUME LATENCY                                                                      |
08-06-18 15:44:38 TCH_AUTO : INFO     : |         Properties:                                                                                        |
08-06-18 15:44:38 TCH_AUTO : INFO     : |                 device.description = "Monitor of Dummy Output"                                             |
08-06-18 15:44:38 TCH_AUTO : INFO     : |                 device.class = "monitor"                                                                   |
08-06-18 15:44:38 TCH_AUTO : INFO     : |                 device.icon_name = "audio-input-microphone"                                                |
08-06-18 15:44:38 TCH_AUTO : INFO     : |         Formats:                                                                                           |
08-06-18 15:44:38 TCH_AUTO : INFO     : |                 pcm                                                                                        |
08-06-18 15:44:38 TCH_AUTO : INFO     : |                                                                                                            |
08-06-18 15:44:38 TCH_AUTO : INFO     : +------------------------------------------------------------------------------------------------------------+
08-06-18 15:44:38 TCH_AUTO : INFO     : +------------------------------------------------------------------------------------------------------------+
08-06-18 15:44:38 TCH_AUTO : INFO     : |                                                                                                            |
08-06-18 15:44:38 TCH_AUTO : INFO     : | Name: auto_null.monitor - present as expected in containter1                                               |
08-06-18 15:44:38 TCH_AUTO : INFO     : |                                                                                                            |
08-06-18 15:44:38 TCH_AUTO : INFO     : +------------------------------------------------------------------------------------------------------------+
08-06-18 15:44:38 TCH_AUTO : INFO     : +------------------------------------------------------------------------------------------------------------+
08-06-18 15:44:38 TCH_AUTO : INFO     : |                                                                                                            |
08-06-18 15:44:38 TCH_AUTO : INFO     : | pactl list sources                                                                                         |
08-06-18 15:44:38 TCH_AUTO : INFO     : | Source #0                                                                                                  |
08-06-18 15:44:38 TCH_AUTO : INFO     : |         State: IDLE                                                                                        |
08-06-18 15:44:38 TCH_AUTO : INFO     : |         Name: auto_null.monitor                                                                            |
08-06-18 15:44:38 TCH_AUTO : INFO     : |         Description: Monitor of Dummy Output                                                               |
08-06-18 15:44:38 TCH_AUTO : INFO     : |         Driver: module-null-sink.c                                                                         |
08-06-18 15:44:38 TCH_AUTO : INFO     : |         Sample Specification: s16le 2ch 44100Hz                                                            |
08-06-18 15:44:38 TCH_AUTO : INFO     : |         Channel Map: front-left,front-right                                                                |
08-06-18 15:44:38 TCH_AUTO : INFO     : |         Owner Module: 10                                                                                   |
08-06-18 15:44:38 TCH_AUTO : INFO     : |         Mute: no                                                                                           |
08-06-18 15:44:38 TCH_AUTO : INFO     : |         Volume: front-left: 65536 / 100% / 0.00 dB,   front-right: 65536 / 100% / 0.00 dB                  |
08-06-18 15:44:38 TCH_AUTO : INFO     : |                 balance 0.00                                                                               |
08-06-18 15:44:38 TCH_AUTO : INFO     : |         Base Volume: 65536 / 100% / 0.00 dB                                                                |
08-06-18 15:44:38 TCH_AUTO : INFO     : |         Monitor of Sink: auto_null                                                                         |
08-06-18 15:44:38 TCH_AUTO : INFO     : |         Latency: 0 usec, configured 2000000 usec                                                           |
08-06-18 15:44:38 TCH_AUTO : INFO     : |         Flags: DECIBEL_VOLUME LATENCY                                                                      |
08-06-18 15:44:38 TCH_AUTO : INFO     : |         Properties:                                                                                        |
08-06-18 15:44:38 TCH_AUTO : INFO     : |                 device.description = "Monitor of Dummy Output"                                             |
08-06-18 15:44:38 TCH_AUTO : INFO     : |                 device.class = "monitor"                                                                   |
08-06-18 15:44:38 TCH_AUTO : INFO     : |                 device.icon_name = "audio-input-microphone"                                                |
08-06-18 15:44:38 TCH_AUTO : INFO     : |         Formats:                                                                                           |
08-06-18 15:44:38 TCH_AUTO : INFO     : |                 pcm                                                                                        |
08-06-18 15:44:38 TCH_AUTO : INFO     : |                                                                                                            |
08-06-18 15:44:38 TCH_AUTO : INFO     : +------------------------------------------------------------------------------------------------------------+
08-06-18 15:44:38 TCH_AUTO : INFO     : +------------------------------------------------------------------------------------------------------------+
08-06-18 15:44:38 TCH_AUTO : INFO     : |                                                                                                            |
08-06-18 15:44:38 TCH_AUTO : INFO     : | Name: auto_null.monitor - present as expected in containter2                                               |
08-06-18 15:44:38 TCH_AUTO : INFO     : |                                                                                                            |
08-06-18 15:44:38 TCH_AUTO : INFO     : +------------------------------------------------------------------------------------------------------------+
08-06-18 15:44:38 TCH_AUTO : INFO     : +------------------------------------------------------------------------------------------------------------+
08-06-18 15:44:38 TCH_AUTO : INFO     : |                                                                                                            |
08-06-18 15:44:38 TCH_AUTO : INFO     : | pactl list sinks                                                                                           |
08-06-18 15:44:38 TCH_AUTO : INFO     : | Sink #0                                                                                                    |
08-06-18 15:44:38 TCH_AUTO : INFO     : |         State: IDLE                                                                                        |
08-06-18 15:44:38 TCH_AUTO : INFO     : |         Name: auto_null                                                                                    |
08-06-18 15:44:38 TCH_AUTO : INFO     : |         Description: Dummy Output                                                                          |
08-06-18 15:44:38 TCH_AUTO : INFO     : |         Driver: module-null-sink.c                                                                         |
08-06-18 15:44:38 TCH_AUTO : INFO     : |         Sample Specification: s16le 2ch 44100Hz                                                            |
08-06-18 15:44:38 TCH_AUTO : INFO     : |         Channel Map: front-left,front-right                                                                |
08-06-18 15:44:38 TCH_AUTO : INFO     : |         Owner Module: 10                                                                                   |
08-06-18 15:44:38 TCH_AUTO : INFO     : |         Mute: no                                                                                           |
08-06-18 15:44:38 TCH_AUTO : INFO     : |         Volume: front-left: 65536 / 100% / 0.00 dB,   front-right: 65536 / 100% / 0.00 dB                  |
08-06-18 15:44:38 TCH_AUTO : INFO     : |                 balance 0.00                                                                               |
08-06-18 15:44:38 TCH_AUTO : INFO     : |         Base Volume: 65536 / 100% / 0.00 dB                                                                |
08-06-18 15:44:38 TCH_AUTO : INFO     : |         Monitor Source: auto_null.monitor                                                                  |
08-06-18 15:44:38 TCH_AUTO : INFO     : |         Latency: 1481407 usec, configured 2000000 usec                                                     |
08-06-18 15:44:38 TCH_AUTO : INFO     : |         Flags: DECIBEL_VOLUME LATENCY                                                                      |
08-06-18 15:44:38 TCH_AUTO : INFO     : |         Properties:                                                                                        |
08-06-18 15:44:38 TCH_AUTO : INFO     : |                 device.description = "Dummy Output"                                                        |
08-06-18 15:44:38 TCH_AUTO : INFO     : |                 device.class = "abstract"                                                                  |
08-06-18 15:44:38 TCH_AUTO : INFO     : |                 device.icon_name = "audio-card"                                                            |
08-06-18 15:44:38 TCH_AUTO : INFO     : |         Formats:                                                                                           |
08-06-18 15:44:38 TCH_AUTO : INFO     : |                 pcm                                                                                        |
08-06-18 15:44:38 TCH_AUTO : INFO     : |                                                                                                            |
08-06-18 15:44:38 TCH_AUTO : INFO     : +------------------------------------------------------------------------------------------------------------+
08-06-18 15:44:38 TCH_AUTO : INFO     : +------------------------------------------------------------------------------------------------------------+
08-06-18 15:44:38 TCH_AUTO : INFO     : |                                                                                                            |
08-06-18 15:44:38 TCH_AUTO : INFO     : | Driver: module-null-sink.c - present as expected in containter1                                            |
08-06-18 15:44:38 TCH_AUTO : INFO     : |                                                                                                            |
08-06-18 15:44:38 TCH_AUTO : INFO     : +------------------------------------------------------------------------------------------------------------+
08-06-18 15:44:38 TCH_AUTO : INFO     : +------------------------------------------------------------------------------------------------------------+
08-06-18 15:44:38 TCH_AUTO : INFO     : |                                                                                                            |
08-06-18 15:44:38 TCH_AUTO : INFO     : | pactl list sinks                                                                                           |
08-06-18 15:44:38 TCH_AUTO : INFO     : | Sink #0                                                                                                    |
08-06-18 15:44:38 TCH_AUTO : INFO     : |         State: IDLE                                                                                        |
08-06-18 15:44:38 TCH_AUTO : INFO     : |         Name: auto_null                                                                                    |
08-06-18 15:44:38 TCH_AUTO : INFO     : |         Description: Dummy Output                                                                          |
08-06-18 15:44:38 TCH_AUTO : INFO     : |         Driver: module-null-sink.c                                                                         |
08-06-18 15:44:38 TCH_AUTO : INFO     : |         Sample Specification: s16le 2ch 44100Hz                                                            |
08-06-18 15:44:38 TCH_AUTO : INFO     : |         Channel Map: front-left,front-right                                                                |
08-06-18 15:44:38 TCH_AUTO : INFO     : |         Owner Module: 10                                                                                   |
08-06-18 15:44:38 TCH_AUTO : INFO     : |         Mute: no                                                                                           |
08-06-18 15:44:38 TCH_AUTO : INFO     : |         Volume: front-left: 65536 / 100% / 0.00 dB,   front-right: 65536 / 100% / 0.00 dB                  |
08-06-18 15:44:38 TCH_AUTO : INFO     : |                 balance 0.00                                                                               |
08-06-18 15:44:38 TCH_AUTO : INFO     : |         Base Volume: 65536 / 100% / 0.00 dB                                                                |
08-06-18 15:44:38 TCH_AUTO : INFO     : |         Monitor Source: auto_null.monitor                                                                  |
08-06-18 15:44:38 TCH_AUTO : INFO     : |         Latency: 1994455 usec, configured 2000000 usec                                                     |
08-06-18 15:44:38 TCH_AUTO : INFO     : |         Flags: DECIBEL_VOLUME LATENCY                                                                      |
08-06-18 15:44:38 TCH_AUTO : INFO     : |         Properties:                                                                                        |
08-06-18 15:44:38 TCH_AUTO : INFO     : |                 device.description = "Dummy Output"                                                        |
08-06-18 15:44:38 TCH_AUTO : INFO     : |                 device.class = "abstract"                                                                  |
08-06-18 15:44:38 TCH_AUTO : INFO     : |                 device.icon_name = "audio-card"                                                            |
08-06-18 15:44:38 TCH_AUTO : INFO     : |         Formats:                                                                                           |
08-06-18 15:44:38 TCH_AUTO : INFO     : |                 pcm                                                                                        |
08-06-18 15:44:38 TCH_AUTO : INFO     : |                                                                                                            |
08-06-18 15:44:38 TCH_AUTO : INFO     : +------------------------------------------------------------------------------------------------------------+
08-06-18 15:44:38 TCH_AUTO : INFO     : +------------------------------------------------------------------------------------------------------------+
08-06-18 15:44:38 TCH_AUTO : INFO     : |                                                                                                            |
08-06-18 15:44:38 TCH_AUTO : INFO     : | Driver: module-null-sink.c - present as expected in containter2                                            |
08-06-18 15:44:38 TCH_AUTO : INFO     : |                                                                                                            |
08-06-18 15:44:38 TCH_AUTO : INFO     : +------------------------------------------------------------------------------------------------------------+
08-06-18 15:44:38 TCH_AUTO : INFO     : 
08-06-18 15:44:38 TCH_AUTO : INFO     : ##############################################################################################################
08-06-18 15:44:38 TCH_AUTO : INFO     : ## create virtual mic/speaker on two linux machines                                                         ##
08-06-18 15:44:38 TCH_AUTO : INFO     : ##############################################################################################################
08-06-18 15:44:38 TCH_AUTO : INFO     : +------------------------------------------------------------------------------------------------------------+
08-06-18 15:44:38 TCH_AUTO : INFO     : |                                                                                                            |
08-06-18 15:44:38 TCH_AUTO : INFO     : | pactl load-module module-null-sink sink_name=fakemic                                                       |
08-06-18 15:44:38 TCH_AUTO : INFO     : | 19                                                                                                         |
08-06-18 15:44:38 TCH_AUTO : INFO     : |                                                                                                            |
08-06-18 15:44:38 TCH_AUTO : INFO     : +------------------------------------------------------------------------------------------------------------+
08-06-18 15:44:38 TCH_AUTO : INFO     : +------------------------------------------------------------------------------------------------------------+
08-06-18 15:44:38 TCH_AUTO : INFO     : |                                                                                                            |
08-06-18 15:44:38 TCH_AUTO : INFO     : | pactl load-module module-null-sink sink_name=fakemic                                                       |
08-06-18 15:44:38 TCH_AUTO : INFO     : | 19                                                                                                         |
08-06-18 15:44:38 TCH_AUTO : INFO     : |                                                                                                            |
08-06-18 15:44:38 TCH_AUTO : INFO     : +------------------------------------------------------------------------------------------------------------+
08-06-18 15:44:38 TCH_AUTO : INFO     : +------------------------------------------------------------------------------------------------------------+
08-06-18 15:44:38 TCH_AUTO : INFO     : |                                                                                                            |
08-06-18 15:44:38 TCH_AUTO : INFO     : | pactl load-module module-null-sink sink_name=fakespeaker                                                   |
08-06-18 15:44:38 TCH_AUTO : INFO     : | 20                                                                                                         |
08-06-18 15:44:38 TCH_AUTO : INFO     : |                                                                                                            |
08-06-18 15:44:38 TCH_AUTO : INFO     : +------------------------------------------------------------------------------------------------------------+
08-06-18 15:44:38 TCH_AUTO : INFO     : +------------------------------------------------------------------------------------------------------------+
08-06-18 15:44:38 TCH_AUTO : INFO     : |                                                                                                            |
08-06-18 15:44:38 TCH_AUTO : INFO     : | pactl load-module module-null-sink sink_name=fakespeaker                                                   |
08-06-18 15:44:38 TCH_AUTO : INFO     : | 20                                                                                                         |
08-06-18 15:44:38 TCH_AUTO : INFO     : |                                                                                                            |
08-06-18 15:44:38 TCH_AUTO : INFO     : +------------------------------------------------------------------------------------------------------------+
08-06-18 15:44:38 TCH_AUTO : INFO     : +------------------------------------------------------------------------------------------------------------+
08-06-18 15:44:38 TCH_AUTO : INFO     : |                                                                                                            |
08-06-18 15:44:38 TCH_AUTO : INFO     : | pactl list short sources                                                                                   |
08-06-18 15:44:38 TCH_AUTO : INFO     : | 1       fakemic.monitor module-null-sink.c      s16le 2ch 44100Hz       IDLE                               |
08-06-18 15:44:38 TCH_AUTO : INFO     : | 2       fakespeaker.monitor     module-null-sink.c      s16le 2ch 44100Hz       IDLE                       |
08-06-18 15:44:38 TCH_AUTO : INFO     : |                                                                                                            |
08-06-18 15:44:38 TCH_AUTO : INFO     : +------------------------------------------------------------------------------------------------------------+
08-06-18 15:44:38 TCH_AUTO : INFO     : +------------------------------------------------------------------------------------------------------------+
08-06-18 15:44:38 TCH_AUTO : INFO     : |                                                                                                            |
08-06-18 15:44:38 TCH_AUTO : INFO     : | fakemic.monitor - present as expected in containter1                                                       |
08-06-18 15:44:38 TCH_AUTO : INFO     : |                                                                                                            |
08-06-18 15:44:38 TCH_AUTO : INFO     : +------------------------------------------------------------------------------------------------------------+
08-06-18 15:44:38 TCH_AUTO : INFO     : +------------------------------------------------------------------------------------------------------------+
08-06-18 15:44:38 TCH_AUTO : INFO     : |                                                                                                            |
08-06-18 15:44:38 TCH_AUTO : INFO     : | fakespeaker.monitor - present as expected in containter1                                                   |
08-06-18 15:44:38 TCH_AUTO : INFO     : |                                                                                                            |
08-06-18 15:44:38 TCH_AUTO : INFO     : +------------------------------------------------------------------------------------------------------------+
08-06-18 15:44:38 TCH_AUTO : INFO     : +------------------------------------------------------------------------------------------------------------+
08-06-18 15:44:38 TCH_AUTO : INFO     : |                                                                                                            |
08-06-18 15:44:38 TCH_AUTO : INFO     : | pactl list short sources                                                                                   |
08-06-18 15:44:38 TCH_AUTO : INFO     : | 1       fakemic.monitor module-null-sink.c      s16le 2ch 44100Hz       IDLE                               |
08-06-18 15:44:38 TCH_AUTO : INFO     : | 2       fakespeaker.monitor     module-null-sink.c      s16le 2ch 44100Hz       IDLE                       |
08-06-18 15:44:38 TCH_AUTO : INFO     : |                                                                                                            |
08-06-18 15:44:38 TCH_AUTO : INFO     : +------------------------------------------------------------------------------------------------------------+
08-06-18 15:44:38 TCH_AUTO : INFO     : +------------------------------------------------------------------------------------------------------------+
08-06-18 15:44:38 TCH_AUTO : INFO     : |                                                                                                            |
08-06-18 15:44:38 TCH_AUTO : INFO     : | fakemic.monitor - present as expected in containter2                                                       |
08-06-18 15:44:38 TCH_AUTO : INFO     : |                                                                                                            |
08-06-18 15:44:38 TCH_AUTO : INFO     : +------------------------------------------------------------------------------------------------------------+
08-06-18 15:44:38 TCH_AUTO : INFO     : +------------------------------------------------------------------------------------------------------------+
08-06-18 15:44:38 TCH_AUTO : INFO     : |                                                                                                            |
08-06-18 15:44:38 TCH_AUTO : INFO     : | fakespeaker.monitor - present as expected in containter2                                                   |
08-06-18 15:44:38 TCH_AUTO : INFO     : |                                                                                                            |
08-06-18 15:44:38 TCH_AUTO : INFO     : +------------------------------------------------------------------------------------------------------------+
08-06-18 15:44:38 TCH_AUTO : INFO     : 
08-06-18 15:44:38 TCH_AUTO : INFO     : ##############################################################################################################
08-06-18 15:44:38 TCH_AUTO : INFO     : ## TestRun - Start                                                                                          ##
08-06-18 15:44:38 TCH_AUTO : INFO     : ##############################################################################################################
08-06-18 15:44:38 TCH_AUTO : INFO     : +------------------------------------------------------------------------------------------------------------+
08-06-18 15:44:38 TCH_AUTO : INFO     : |                                                                                                            |
08-06-18 15:44:38 TCH_AUTO : INFO     : | rm -f received.wav                                                                                         |
08-06-18 15:44:38 TCH_AUTO : INFO     : |                                                                                                            |
08-06-18 15:44:38 TCH_AUTO : INFO     : +------------------------------------------------------------------------------------------------------------+
08-06-18 15:44:38 TCH_AUTO : INFO     : +------------------------------------------------------------------------------------------------------------+
08-06-18 15:44:38 TCH_AUTO : INFO     : |                                                                                                            |
08-06-18 15:44:38 TCH_AUTO : INFO     : | killall linphone linphonec                                                                                 |
08-06-18 15:44:38 TCH_AUTO : INFO     : | linphone: no process found                                                                                 |
08-06-18 15:44:38 TCH_AUTO : INFO     : | linphonec: no process found                                                                                |
08-06-18 15:44:38 TCH_AUTO : INFO     : |                                                                                                            |
08-06-18 15:44:38 TCH_AUTO : INFO     : +------------------------------------------------------------------------------------------------------------+
08-06-18 15:44:40 TCH_AUTO : INFO     : +------------------------------------------------------------------------------------------------------------+
08-06-18 15:44:40 TCH_AUTO : INFO     : |                                                                                                            |
08-06-18 15:44:40 TCH_AUTO : INFO     : | linphonec                                                                                                  |
08-06-18 15:44:40 TCH_AUTO : INFO     : | Ready                                                                                                      |
08-06-18 15:44:40 TCH_AUTO : INFO     : | Warning: video is disabled in , use -V or -C or -D to enable.                                              |
08-06-18 15:44:40 TCH_AUTO : INFO     : |                                                                                                            |
08-06-18 15:44:40 TCH_AUTO : INFO     : +------------------------------------------------------------------------------------------------------------+
08-06-18 15:44:40 TCH_AUTO : INFO     : +------------------------------------------------------------------------------------------------------------+
08-06-18 15:44:40 TCH_AUTO : INFO     : |                                                                                                            |
08-06-18 15:44:40 TCH_AUTO : INFO     : | Linphone started successfully in containter1                                                               |
08-06-18 15:44:40 TCH_AUTO : INFO     : |                                                                                                            |
08-06-18 15:44:40 TCH_AUTO : INFO     : +------------------------------------------------------------------------------------------------------------+
08-06-18 15:44:40 TCH_AUTO : INFO     : +------------------------------------------------------------------------------------------------------------+
08-06-18 15:44:40 TCH_AUTO : INFO     : |                                                                                                            |
08-06-18 15:44:40 TCH_AUTO : INFO     : |  soundcard use files                                                                                       |
08-06-18 15:44:40 TCH_AUTO : INFO     : | Using wav files instead of soundcard.                                                                      |
08-06-18 15:44:40 TCH_AUTO : INFO     : |                                                                                                            |
08-06-18 15:44:40 TCH_AUTO : INFO     : +------------------------------------------------------------------------------------------------------------+
08-06-18 15:44:40 TCH_AUTO : INFO     : +------------------------------------------------------------------------------------------------------------+
08-06-18 15:44:40 TCH_AUTO : INFO     : |                                                                                                            |
08-06-18 15:44:40 TCH_AUTO : INFO     : | Linphone started Using wav files instead of soundcard in containter1                                       |
08-06-18 15:44:40 TCH_AUTO : INFO     : |                                                                                                            |
08-06-18 15:44:40 TCH_AUTO : INFO     : +------------------------------------------------------------------------------------------------------------+
08-06-18 15:44:40 TCH_AUTO : INFO     : +------------------------------------------------------------------------------------------------------------+
08-06-18 15:44:40 TCH_AUTO : INFO     : |                                                                                                            |
08-06-18 15:44:40 TCH_AUTO : INFO     : | rm -f received.wav                                                                                         |
08-06-18 15:44:40 TCH_AUTO : INFO     : |                                                                                                            |
08-06-18 15:44:40 TCH_AUTO : INFO     : +------------------------------------------------------------------------------------------------------------+
08-06-18 15:44:40 TCH_AUTO : INFO     : +------------------------------------------------------------------------------------------------------------+
08-06-18 15:44:40 TCH_AUTO : INFO     : |                                                                                                            |
08-06-18 15:44:40 TCH_AUTO : INFO     : | killall linphone linphonec                                                                                 |
08-06-18 15:44:40 TCH_AUTO : INFO     : | linphone: no process found                                                                                 |
08-06-18 15:44:40 TCH_AUTO : INFO     : | linphonec: no process found                                                                                |
08-06-18 15:44:40 TCH_AUTO : INFO     : |                                                                                                            |
08-06-18 15:44:40 TCH_AUTO : INFO     : +------------------------------------------------------------------------------------------------------------+
08-06-18 15:44:43 TCH_AUTO : INFO     : +------------------------------------------------------------------------------------------------------------+
08-06-18 15:44:43 TCH_AUTO : INFO     : |                                                                                                            |
08-06-18 15:44:43 TCH_AUTO : INFO     : | linphonec                                                                                                  |
08-06-18 15:44:43 TCH_AUTO : INFO     : | Ready                                                                                                      |
08-06-18 15:44:43 TCH_AUTO : INFO     : | Warning: video is disabled in , use -V or -C or -D to enable.                                              |
08-06-18 15:44:43 TCH_AUTO : INFO     : |                                                                                                            |
08-06-18 15:44:43 TCH_AUTO : INFO     : +------------------------------------------------------------------------------------------------------------+
08-06-18 15:44:43 TCH_AUTO : INFO     : +------------------------------------------------------------------------------------------------------------+
08-06-18 15:44:43 TCH_AUTO : INFO     : |                                                                                                            |
08-06-18 15:44:43 TCH_AUTO : INFO     : | Linphone started successfully in containter2                                                               |
08-06-18 15:44:43 TCH_AUTO : INFO     : |                                                                                                            |
08-06-18 15:44:43 TCH_AUTO : INFO     : +------------------------------------------------------------------------------------------------------------+
08-06-18 15:44:43 TCH_AUTO : INFO     : +------------------------------------------------------------------------------------------------------------+
08-06-18 15:44:43 TCH_AUTO : INFO     : |                                                                                                            |
08-06-18 15:44:43 TCH_AUTO : INFO     : |  soundcard use files                                                                                       |
08-06-18 15:44:43 TCH_AUTO : INFO     : | Using wav files instead of soundcard.                                                                      |
08-06-18 15:44:43 TCH_AUTO : INFO     : |                                                                                                            |
08-06-18 15:44:43 TCH_AUTO : INFO     : +------------------------------------------------------------------------------------------------------------+
08-06-18 15:44:43 TCH_AUTO : INFO     : +------------------------------------------------------------------------------------------------------------+
08-06-18 15:44:43 TCH_AUTO : INFO     : |                                                                                                            |
08-06-18 15:44:43 TCH_AUTO : INFO     : | Linphone started Using wav files instead of soundcard in containter2                                       |
08-06-18 15:44:43 TCH_AUTO : INFO     : |                                                                                                            |
08-06-18 15:44:43 TCH_AUTO : INFO     : +------------------------------------------------------------------------------------------------------------+
08-06-18 15:44:43 TCH_AUTO : INFO     : +------------------------------------------------------------------------------------------------------------+
08-06-18 15:44:43 TCH_AUTO : INFO     : |                                                                                                            |
08-06-18 15:44:43 TCH_AUTO : INFO     : | sox --i -D Tryst-with-destiny-mono.wav                                                                     |
08-06-18 15:44:43 TCH_AUTO : INFO     : | 280.999188                                                                                                 |
08-06-18 15:44:43 TCH_AUTO : INFO     : |                                                                                                            |
08-06-18 15:44:43 TCH_AUTO : INFO     : +------------------------------------------------------------------------------------------------------------+
08-06-18 15:44:43 TCH_AUTO : INFO     : +------------------------------------------------------------------------------------------------------------+
08-06-18 15:44:43 TCH_AUTO : INFO     : |                                                                                                            |
08-06-18 15:44:43 TCH_AUTO : INFO     : |  autoanswer enable                                                                                         |
08-06-18 15:44:43 TCH_AUTO : INFO     : | Auto answer enabled.                                                                                       |
08-06-18 15:44:43 TCH_AUTO : INFO     : |                                                                                                            |
08-06-18 15:44:43 TCH_AUTO : INFO     : +------------------------------------------------------------------------------------------------------------+
08-06-18 15:44:43 TCH_AUTO : INFO     : +------------------------------------------------------------------------------------------------------------+
08-06-18 15:44:43 TCH_AUTO : INFO     : |                                                                                                            |
08-06-18 15:44:43 TCH_AUTO : INFO     : | Auto answer enabled successfully in containter1                                                            |
08-06-18 15:44:43 TCH_AUTO : INFO     : |                                                                                                            |
08-06-18 15:44:43 TCH_AUTO : INFO     : +------------------------------------------------------------------------------------------------------------+
08-06-18 15:44:43 TCH_AUTO : INFO     : +------------------------------------------------------------------------------------------------------------+
08-06-18 15:44:43 TCH_AUTO : INFO     : |                                                                                                            |
08-06-18 15:44:43 TCH_AUTO : INFO     : |  call sip:192.168.0.10                                                                                     |
08-06-18 15:44:43 TCH_AUTO : INFO     : | Establishing call id to <sip:192.168.0.10>, assigned id 1                                                  |
08-06-18 15:44:43 TCH_AUTO : INFO     : | Contacting <sip:192.168.0.10>                                                                              |
08-06-18 15:44:43 TCH_AUTO : INFO     : |                                                                                                            |
08-06-18 15:44:43 TCH_AUTO : INFO     : +------------------------------------------------------------------------------------------------------------+
08-06-18 15:44:43 TCH_AUTO : INFO     : +------------------------------------------------------------------------------------------------------------+
08-06-18 15:44:43 TCH_AUTO : INFO     : |                                                                                                            |
08-06-18 15:44:43 TCH_AUTO : INFO     : |  calls                                                                                                     |
08-06-18 15:44:43 TCH_AUTO : INFO     : | Call states                                                                                                |
08-06-18 15:44:43 TCH_AUTO : INFO     : | Id __PIPE__            Destination              __PIPE__      State      __PIPE__    Flags   __PIPE__      |
08-06-18 15:44:43 TCH_AUTO : INFO     : | ------------------------------------------------------------------------                                   |
08-06-18 15:44:43 TCH_AUTO : INFO     : | 1  __PIPE__ <sip:192.168.0.10>                  __PIPE__ OutgoingProgress __PIPE__                         |
08-06-18 15:44:43 TCH_AUTO : INFO     : |                                                                                                            |
08-06-18 15:44:43 TCH_AUTO : INFO     : +------------------------------------------------------------------------------------------------------------+
08-06-18 15:44:43 TCH_AUTO : INFO     : 
08-06-18 15:44:43 TCH_AUTO : ERROR    : >>>>>>>>>>>>>>>>>>>>>>>>>>>>>>>>>>>>>>>>>>>>>>>>>>>>>>>>>>>>>>>>>>>>>>>>>>>>>>>>>>>>>>>>>>>>>>>>>>>>>>>>>>>>>>
08-06-18 15:44:43 TCH_AUTO : ERROR    : >> .*<sip:192.168.0.10>.*StreamsRunning - absent which is not expected in containter2                       >>
08-06-18 15:44:43 TCH_AUTO : ERROR    : >>>>>>>>>>>>>>>>>>>>>>>>>>>>>>>>>>>>>>>>>>>>>>>>>>>>>>>>>>>>>>>>>>>>>>>>>>>>>>>>>>>>>>>>>>>>>>>>>>>>>>>>>>>>>>
08-06-18 15:44:48 TCH_AUTO : INFO     : +------------------------------------------------------------------------------------------------------------+
08-06-18 15:44:48 TCH_AUTO : INFO     : |                                                                                                            |
08-06-18 15:44:48 TCH_AUTO : INFO     : |  Call 1 with <sip:192.168.0.10> error.                                                                     |
08-06-18 15:44:48 TCH_AUTO : INFO     : | calls                                                                                                      |
08-06-18 15:44:48 TCH_AUTO : INFO     : |  Call 1 with <sip:192.168.0.10> error.                                                                     |
08-06-18 15:44:48 TCH_AUTO : INFO     : |                                                                                                            |
08-06-18 15:44:48 TCH_AUTO : INFO     : +------------------------------------------------------------------------------------------------------------+
08-06-18 15:44:48 TCH_AUTO : INFO     : 
08-06-18 15:44:48 TCH_AUTO : ERROR    : >>>>>>>>>>>>>>>>>>>>>>>>>>>>>>>>>>>>>>>>>>>>>>>>>>>>>>>>>>>>>>>>>>>>>>>>>>>>>>>>>>>>>>>>>>>>>>>>>>>>>>>>>>>>>>
08-06-18 15:44:48 TCH_AUTO : ERROR    : >> .*<sip:192.168.0.10>.*StreamsRunning - absent which is not expected in containter2                       >>
08-06-18 15:44:48 TCH_AUTO : ERROR    : >>>>>>>>>>>>>>>>>>>>>>>>>>>>>>>>>>>>>>>>>>>>>>>>>>>>>>>>>>>>>>>>>>>>>>>>>>>>>>>>>>>>>>>>>>>>>>>>>>>>>>>>>>>>>>
08-06-18 15:44:53 TCH_AUTO : INFO     : +------------------------------------------------------------------------------------------------------------+
08-06-18 15:44:53 TCH_AUTO : INFO     : |                                                                                                            |
08-06-18 15:44:53 TCH_AUTO : INFO     : |  calls                                                                                                     |
08-06-18 15:44:53 TCH_AUTO : INFO     : |                                                                                                            |
08-06-18 15:44:53 TCH_AUTO : INFO     : +------------------------------------------------------------------------------------------------------------+
08-06-18 15:44:53 TCH_AUTO : INFO     : 
08-06-18 15:44:53 TCH_AUTO : ERROR    : >>>>>>>>>>>>>>>>>>>>>>>>>>>>>>>>>>>>>>>>>>>>>>>>>>>>>>>>>>>>>>>>>>>>>>>>>>>>>>>>>>>>>>>>>>>>>>>>>>>>>>>>>>>>>>
08-06-18 15:44:53 TCH_AUTO : ERROR    : >> .*<sip:192.168.0.10>.*StreamsRunning - absent which is not expected in containter2                       >>
08-06-18 15:44:53 TCH_AUTO : ERROR    : >>>>>>>>>>>>>>>>>>>>>>>>>>>>>>>>>>>>>>>>>>>>>>>>>>>>>>>>>>>>>>>>>>>>>>>>>>>>>>>>>>>>>>>>>>>>>>>>>>>>>>>>>>>>>>
08-06-18 15:44:58 TCH_AUTO : INFO     : +------------------------------------------------------------------------------------------------------------+
08-06-18 15:44:58 TCH_AUTO : INFO     : |                                                                                                            |
08-06-18 15:44:58 TCH_AUTO : INFO     : |  calls                                                                                                     |
08-06-18 15:44:58 TCH_AUTO : INFO     : |                                                                                                            |
08-06-18 15:44:58 TCH_AUTO : INFO     : +------------------------------------------------------------------------------------------------------------+
08-06-18 15:44:58 TCH_AUTO : INFO     : 
08-06-18 15:44:58 TCH_AUTO : ERROR    : >>>>>>>>>>>>>>>>>>>>>>>>>>>>>>>>>>>>>>>>>>>>>>>>>>>>>>>>>>>>>>>>>>>>>>>>>>>>>>>>>>>>>>>>>>>>>>>>>>>>>>>>>>>>>>
08-06-18 15:44:58 TCH_AUTO : ERROR    : >> .*<sip:192.168.0.10>.*StreamsRunning - absent which is not expected in containter2                       >>
08-06-18 15:44:58 TCH_AUTO : ERROR    : >>>>>>>>>>>>>>>>>>>>>>>>>>>>>>>>>>>>>>>>>>>>>>>>>>>>>>>>>>>>>>>>>>>>>>>>>>>>>>>>>>>>>>>>>>>>>>>>>>>>>>>>>>>>>>
08-06-18 15:45:03 TCH_AUTO : INFO     : +------------------------------------------------------------------------------------------------------------+
08-06-18 15:45:03 TCH_AUTO : INFO     : |                                                                                                            |
08-06-18 15:45:03 TCH_AUTO : INFO     : |  calls                                                                                                     |
08-06-18 15:45:03 TCH_AUTO : INFO     : |                                                                                                            |
08-06-18 15:45:03 TCH_AUTO : INFO     : +------------------------------------------------------------------------------------------------------------+
08-06-18 15:45:03 TCH_AUTO : INFO     : 
08-06-18 15:45:03 TCH_AUTO : ERROR    : >>>>>>>>>>>>>>>>>>>>>>>>>>>>>>>>>>>>>>>>>>>>>>>>>>>>>>>>>>>>>>>>>>>>>>>>>>>>>>>>>>>>>>>>>>>>>>>>>>>>>>>>>>>>>>
08-06-18 15:45:03 TCH_AUTO : ERROR    : >> .*<sip:192.168.0.10>.*StreamsRunning - absent which is not expected in containter2                       >>
08-06-18 15:45:03 TCH_AUTO : ERROR    : >>>>>>>>>>>>>>>>>>>>>>>>>>>>>>>>>>>>>>>>>>>>>>>>>>>>>>>>>>>>>>>>>>>>>>>>>>>>>>>>>>>>>>>>>>>>>>>>>>>>>>>>>>>>>>
08-06-18 15:45:08 TCH_AUTO : INFO     : +------------------------------------------------------------------------------------------------------------+
08-06-18 15:45:08 TCH_AUTO : INFO     : |                                                                                                            |
08-06-18 15:45:08 TCH_AUTO : INFO     : |  calls                                                                                                     |
08-06-18 15:45:08 TCH_AUTO : INFO     : |                                                                                                            |
08-06-18 15:45:08 TCH_AUTO : INFO     : +------------------------------------------------------------------------------------------------------------+
08-06-18 15:45:08 TCH_AUTO : INFO     : 
08-06-18 15:45:08 TCH_AUTO : ERROR    : >>>>>>>>>>>>>>>>>>>>>>>>>>>>>>>>>>>>>>>>>>>>>>>>>>>>>>>>>>>>>>>>>>>>>>>>>>>>>>>>>>>>>>>>>>>>>>>>>>>>>>>>>>>>>>
08-06-18 15:45:08 TCH_AUTO : ERROR    : >> .*<sip:192.168.0.10>.*StreamsRunning - absent which is not expected in containter2                       >>
08-06-18 15:45:08 TCH_AUTO : ERROR    : >>>>>>>>>>>>>>>>>>>>>>>>>>>>>>>>>>>>>>>>>>>>>>>>>>>>>>>>>>>>>>>>>>>>>>>>>>>>>>>>>>>>>>>>>>>>>>>>>>>>>>>>>>>>>>
08-06-18 15:45:13 TCH_AUTO : INFO     : 
08-06-18 15:45:13 TCH_AUTO : ERROR    : >>>>>>>>>>>>>>>>>>>>>>>>>>>>>>>>>>>>>>>>>>>>>>>>>>>>>>>>>>>>>>>>>>>>>>>>>>>>>>>>>>>>>>>>>>>>>>>>>>>>>>>>>>>>>>
08-06-18 15:45:13 TCH_AUTO : ERROR    : >> Playback and recording was not completed in expected time                                                >>
08-06-18 15:45:13 TCH_AUTO : ERROR    : >>>>>>>>>>>>>>>>>>>>>>>>>>>>>>>>>>>>>>>>>>>>>>>>>>>>>>>>>>>>>>>>>>>>>>>>>>>>>>>>>>>>>>>>>>>>>>>>>>>>>>>>>>>>>>
08-06-18 15:45:13 TCH_AUTO : INFO     : +------------------------------------------------------------------------------------------------------------+
08-06-18 15:45:13 TCH_AUTO : INFO     : |                                                                                                            |
08-06-18 15:45:13 TCH_AUTO : INFO     : |  terminate                                                                                                 |
08-06-18 15:45:13 TCH_AUTO : INFO     : | No active calls                                                                                            |
08-06-18 15:45:13 TCH_AUTO : INFO     : |                                                                                                            |
08-06-18 15:45:13 TCH_AUTO : INFO     : +------------------------------------------------------------------------------------------------------------+
08-06-18 15:45:20 TCH_AUTO : INFO     : +------------------------------------------------------------------------------------------------------------+
08-06-18 15:45:20 TCH_AUTO : INFO     : |                                                                                                            |
08-06-18 15:45:20 TCH_AUTO : INFO     : |  quit                                                                                                      |
08-06-18 15:45:20 TCH_AUTO : INFO     : | Terminating...                                                                                             |
08-06-18 15:45:20 TCH_AUTO : INFO     : |                                                                                                            |
08-06-18 15:45:20 TCH_AUTO : INFO     : +------------------------------------------------------------------------------------------------------------+
08-06-18 15:45:25 TCH_AUTO : INFO     : +------------------------------------------------------------------------------------------------------------+
08-06-18 15:45:25 TCH_AUTO : INFO     : |                                                                                                            |
08-06-18 15:45:25 TCH_AUTO : INFO     : |  terminate                                                                                                 |
08-06-18 15:45:25 TCH_AUTO : INFO     : |                                                                                                            |
08-06-18 15:45:25 TCH_AUTO : INFO     : +------------------------------------------------------------------------------------------------------------+
08-06-18 15:45:30 TCH_AUTO : INFO     : +------------------------------------------------------------------------------------------------------------+
08-06-18 15:45:30 TCH_AUTO : INFO     : |                                                                                                            |
08-06-18 15:45:30 TCH_AUTO : INFO     : |  quit                                                                                                      |
08-06-18 15:45:30 TCH_AUTO : INFO     : |                                                                                                            |
08-06-18 15:45:30 TCH_AUTO : INFO     : +------------------------------------------------------------------------------------------------------------+
08-06-18 15:45:35 TCH_AUTO : INFO     : 
08-06-18 15:45:35 TCH_AUTO : INFO     : ##############################################################################################################
08-06-18 15:45:35 TCH_AUTO : INFO     : ## Common CleanUP - Start                                                                                   ##
08-06-18 15:45:35 TCH_AUTO : INFO     : ##############################################################################################################
08-06-18 15:45:35 TCH_AUTO : INFO     : 
08-06-18 15:45:35 TCH_AUTO : ERROR    : >>>>>>>>>>>>>>>>>>>>>>>>>>>>>>>>>>>>>>>>>>>>>>>>>>>>>>>>>>>>>>>>>>>>>>>>>>>>>>>>>>>>>>>>>>>>>>>>>>>>>>>>>>>>>>
08-06-18 15:45:35 TCH_AUTO : ERROR    : >> terminateterminate                                                                                       >>
08-06-18 15:45:35 TCH_AUTO : ERROR    : >> -bash: terminate: command not found                                                                      >>
08-06-18 15:45:35 TCH_AUTO : ERROR    : >>>>>>>>>>>>>>>>>>>>>>>>>>>>>>>>>>>>>>>>>>>>>>>>>>>>>>>>>>>>>>>>>>>>>>>>>>>>>>>>>>>>>>>>>>>>>>>>>>>>>>>>>>>>>>
08-06-18 15:45:35 TCH_AUTO : INFO     : 
08-06-18 15:45:35 TCH_AUTO : ERROR    : >>>>>>>>>>>>>>>>>>>>>>>>>>>>>>>>>>>>>>>>>>>>>>>>>>>>>>>>>>>>>>>>>>>>>>>>>>>>>>>>>>>>>>>>>>>>>>>>>>>>>>>>>>>>>>
08-06-18 15:45:35 TCH_AUTO : ERROR    : >> buffer:                                                                                                  >>
08-06-18 15:45:35 TCH_AUTO : ERROR    : >> terminate                                                                                                >>
08-06-18 15:45:35 TCH_AUTO : ERROR    : >>>>>>>>>>>>>>>>>>>>>>>>>>>>>>>>>>>>>>>>>>>>>>>>>>>>>>>>>>>>>>>>>>>>>>>>>>>>>>>>>>>>>>>>>>>>>>>>>>>>>>>>>>>>>>
